This file contains any messages produced by compilers while
running configure, to aid debugging if configure makes a mistake.

It was created by configure, which was
generated by GNU Autoconf 2.69.  Invocation command line was

  $ ./configure --enable-jaguarphp

## --------- ##
## Platform. ##
## --------- ##

hostname = ssd
uname -m = x86_64
uname -r = 3.10.0-862.6.3.el7.x86_64
uname -s = Linux
uname -v = #1 SMP Tue Jun 26 16:32:21 UTC 2018

/usr/bin/uname -p = x86_64
/bin/uname -X     = unknown

/bin/arch              = x86_64
/usr/bin/arch -k       = unknown
/usr/convex/getsysinfo = unknown
/usr/bin/hostinfo      = unknown
/bin/machine           = unknown
/usr/bin/oslevel       = unknown
/bin/universe          = unknown

PATH: .
PATH: /home/dev2/software/anaconda2/bin
PATH: /usr/local/bin
PATH: /usr/bin
PATH: /usr/local/sbin
PATH: /usr/sbin
PATH: /opt/java/bin
PATH: /oracle/orahome/bin
PATH: /oracle/orahome/Apache/Apache/bin
PATH: /usr/local/src/apache-maven-3.3.9/bin
PATH: /home/dev2/software/apache-ant-1.10.1/bin
PATH: /usr/local/nodejs/bin
PATH: /home/dev2/jaguar/bin
PATH: /home/dev2/jaguarhadoop/bin
PATH: /home/dev2/.linuxbrew/bin
PATH: /home/dev2/bin
PATH: /home/dev2/software/datastax-ddc-3.9.0/bin
PATH: /home/dev2/bin


## ----------- ##
## Core tests. ##
## ----------- ##

configure:2380: checking for grep that handles long lines and -e
configure:2438: result: /usr/bin/grep
configure:2443: checking for egrep
configure:2505: result: /usr/bin/grep -E
configure:2510: checking for a sed that does not truncate output
configure:2564: result: /usr/bin/sed
configure:2701: checking for cc
configure:2717: found /usr/bin/cc
configure:2728: result: cc
configure:2759: checking for C compiler version
configure:2768: cc --version >&5
cc (GCC) 7.4.0
Copyright (C) 2017 Free Software Foundation, Inc.
This is free software; see the source for copying conditions.  There is NO
warranty; not even for MERCHANTABILITY or FITNESS FOR A PARTICULAR PURPOSE.

configure:2779: $? = 0
configure:2768: cc -v >&5
Using built-in specs.
COLLECT_GCC=cc
COLLECT_LTO_WRAPPER=/usr/local/gcc-7.4.0/libexec/gcc/x86_64-pc-linux-gnu/7.4.0/lto-wrapper
Target: x86_64-pc-linux-gnu
Configured with: ../gcc-7.4.0/configure --prefix=/usr/local/gcc-7.4.0 -enable-languages=c,c++,go -disable-multilib
Thread model: posix
gcc version 7.4.0 (GCC) 
configure:2779: $? = 0
configure:2768: cc -V >&5
cc: error: unrecognized command line option '-V'
cc: fatal error: no input files
compilation terminated.
configure:2779: $? = 1
configure:2768: cc -qversion >&5
cc: error: unrecognized command line option '-qversion'; did you mean '--version'?
cc: fatal error: no input files
compilation terminated.
configure:2779: $? = 1
configure:2799: checking whether the C compiler works
configure:2821: cc   -O3 conftest.c  >&5
configure:2825: $? = 0
configure:2873: result: yes
configure:2876: checking for C compiler default output file name
configure:2878: result: a.out
configure:2884: checking for suffix of executables
configure:2891: cc -o conftest   -O3 conftest.c  >&5
configure:2895: $? = 0
configure:2917: result: 
configure:2939: checking whether we are cross compiling
configure:2947: cc -o conftest   -O3 conftest.c  >&5
configure:2951: $? = 0
configure:2958: ./conftest
configure:2962: $? = 0
configure:2977: result: no
configure:2982: checking for suffix of object files
configure:3004: cc -c   conftest.c >&5
configure:3008: $? = 0
configure:3029: result: o
configure:3033: checking whether we are using the GNU C compiler
configure:3052: cc -c   conftest.c >&5
configure:3052: $? = 0
configure:3061: result: yes
configure:3070: checking whether cc accepts -g
configure:3090: cc -c -g  conftest.c >&5
configure:3090: $? = 0
configure:3131: result: yes
configure:3148: checking for cc option to accept ISO C89
configure:3211: cc  -c -g -O2  conftest.c >&5
configure:3211: $? = 0
configure:3224: result: none needed
configure:3250: checking how to run the C preprocessor
configure:3281: cc -E  conftest.c
configure:3281: $? = 0
configure:3295: cc -E  conftest.c
conftest.c:9:10: fatal error: ac_nonexistent.h: No such file or directory
 #include <ac_nonexistent.h>
          ^~~~~~~~~~~~~~~~~~
compilation terminated.
configure:3295: $? = 1
configure: failed program was:
| /* confdefs.h */
| #define PACKAGE_NAME ""
| #define PACKAGE_TARNAME ""
| #define PACKAGE_VERSION ""
| #define PACKAGE_STRING ""
| #define PACKAGE_BUGREPORT ""
| #define PACKAGE_URL ""
| /* end confdefs.h.  */
| #include <ac_nonexistent.h>
configure:3320: result: cc -E
configure:3340: cc -E  conftest.c
configure:3340: $? = 0
configure:3354: cc -E  conftest.c
conftest.c:9:10: fatal error: ac_nonexistent.h: No such file or directory
 #include <ac_nonexistent.h>
          ^~~~~~~~~~~~~~~~~~
compilation terminated.
configure:3354: $? = 1
configure: failed program was:
| /* confdefs.h */
| #define PACKAGE_NAME ""
| #define PACKAGE_TARNAME ""
| #define PACKAGE_VERSION ""
| #define PACKAGE_STRING ""
| #define PACKAGE_BUGREPORT ""
| #define PACKAGE_URL ""
| /* end confdefs.h.  */
| #include <ac_nonexistent.h>
configure:3385: checking for icc
configure:3394: result: no
configure:3408: checking for suncc
configure:3417: result: no
configure:3435: checking whether cc understands -c and -o together
configure:3463: cc -c conftest.c -o conftest2.o >&5
configure:3467: $? = 0
configure:3473: cc -c conftest.c -o conftest2.o >&5
configure:3477: $? = 0
configure:3532: result: yes
configure:3546: checking for system library directory
configure:3561: result: lib
configure:3568: checking if compiler supports -R
configure:3587: cc -o conftest -g -O2  -O3 conftest.c -R /usr/lib  >&5
cc: error: unrecognized command line option '-R'
configure:3587: $? = 1
configure: failed program was:
| /* confdefs.h */
| #define PACKAGE_NAME ""
| #define PACKAGE_TARNAME ""
| #define PACKAGE_VERSION ""
| #define PACKAGE_STRING ""
| #define PACKAGE_BUGREPORT ""
| #define PACKAGE_URL ""
| /* end confdefs.h.  */
| 
| int
| main ()
| {
| 
|   ;
|   return 0;
| }
configure:3597: result: no
configure:3602: checking if compiler supports -Wl,-rpath,
configure:3621: cc -o conftest -g -O2  -O3 conftest.c -Wl,-rpath,/usr/lib  >&5
configure:3621: $? = 0
configure:3631: result: yes
configure:3676: checking build system type
configure:3690: result: x86_64-pc-linux-gnu
configure:3710: checking host system type
configure:3723: result: x86_64-pc-linux-gnu
configure:3743: checking target system type
configure:3756: result: x86_64-pc-linux-gnu
configure:3859: checking for PHP prefix
configure:3861: result: /usr/local
configure:3863: checking for PHP includes
configure:3865: result: -I/usr/local/include/php -I/usr/local/include/php/main -I/usr/local/include/php/TSRM -I/usr/local/include/php/Zend -I/usr/local/include/php/ext -I/usr/local/include/php/ext/date/lib
configure:3867: checking for PHP extension directory
configure:3869: result: /usr/local/lib/php/extensions/no-debug-non-zts-20180731
configure:3871: checking for PHP installed headers prefix
configure:3873: result: /usr/local/include/php
configure:3876: checking if debug is enabled
configure:3902: result: no
configure:3905: checking if zts is enabled
configure:3931: result: no
configure:4002: checking for re2c
configure:4032: result: no
configure:4057: WARNING: You will need re2c 0.13.4 or later if you want to regenerate PHP parsers.
configure:4071: checking for gawk
configure:4088: found /usr/bin/gawk
configure:4099: result: gawk
configure:4142: checking Whether to enable the "jaguarphp" extension
configure:4181: result: yes, shared
configure:4248: checking for g++
configure:4264: found /usr/bin/g++
configure:4275: result: g++
configure:4302: checking for C++ compiler version
configure:4311: g++ --version >&5
g++ (GCC) 7.1.0
Copyright (C) 2017 Free Software Foundation, Inc.
This is free software; see the source for copying conditions.  There is NO
warranty; not even for MERCHANTABILITY or FITNESS FOR A PARTICULAR PURPOSE.

configure:4322: $? = 0
configure:4311: g++ -v >&5
Using built-in specs.
COLLECT_GCC=g++
COLLECT_LTO_WRAPPER=/usr/local/gcc-7.1.0/libexec/gcc/x86_64-pc-linux-gnu/7.1.0/lto-wrapper
Target: x86_64-pc-linux-gnu
Configured with: ../gcc-7.1.0/configure --prefix=/usr/local/gcc-7.1.0 -enable-languages=c,c++,go -disable-multilib
Thread model: posix
gcc version 7.1.0 (GCC) 
configure:4322: $? = 0
configure:4311: g++ -V >&5
g++: error: unrecognized command line option '-V'
g++: fatal error: no input files
compilation terminated.
configure:4322: $? = 1
configure:4311: g++ -qversion >&5
g++: error: unrecognized command line option '-qversion'; did you mean '--version'?
g++: fatal error: no input files
compilation terminated.
configure:4322: $? = 1
configure:4326: checking whether we are using the GNU C++ compiler
configure:4345: g++ -c -O3  conftest.cpp >&5
configure:4345: $? = 0
configure:4354: result: yes
configure:4363: checking whether g++ accepts -g
configure:4383: g++ -c -g  conftest.cpp >&5
configure:4383: $? = 0
configure:4424: result: yes
configure:4452: checking how to run the C++ preprocessor
configure:4479: g++ -E  conftest.cpp
configure:4479: $? = 0
configure:4493: g++ -E  conftest.cpp
conftest.cpp:9:10: fatal error: ac_nonexistent.h: No such file or directory
 #include <ac_nonexistent.h>
          ^~~~~~~~~~~~~~~~~~
compilation terminated.
configure:4493: $? = 1
configure: failed program was:
| /* confdefs.h */
| #define PACKAGE_NAME ""
| #define PACKAGE_TARNAME ""
| #define PACKAGE_VERSION ""
| #define PACKAGE_STRING ""
| #define PACKAGE_BUGREPORT ""
| #define PACKAGE_URL ""
| /* end confdefs.h.  */
| #include <ac_nonexistent.h>
configure:4518: result: g++ -E
configure:4538: g++ -E  conftest.cpp
configure:4538: $? = 0
configure:4552: g++ -E  conftest.cpp
conftest.cpp:9:10: fatal error: ac_nonexistent.h: No such file or directory
 #include <ac_nonexistent.h>
          ^~~~~~~~~~~~~~~~~~
compilation terminated.
configure:4552: $? = 1
configure: failed program was:
| /* confdefs.h */
| #define PACKAGE_NAME ""
| #define PACKAGE_TARNAME ""
| #define PACKAGE_VERSION ""
| #define PACKAGE_STRING ""
| #define PACKAGE_BUGREPORT ""
| #define PACKAGE_URL ""
| /* end confdefs.h.  */
| #include <ac_nonexistent.h>
configure:5021: checking for ld used by cc
configure:5088: result: /usr/bin/ld
configure:5095: checking if the linker (/usr/bin/ld) is GNU ld
configure:5110: result: yes
configure:5115: checking for /usr/bin/ld option to reload object files
configure:5122: result: -r
configure:5140: checking for BSD-compatible nm
configure:5189: result: /usr/bin/nm -B
configure:5193: checking whether ln -s works
configure:5197: result: yes
configure:5204: checking how to recognize dependent libraries
configure:5390: result: pass_all
configure:5475: cc -c -g -O2  conftest.c >&5
configure:5478: $? = 0
configure:5608: checking for ANSI C header files
configure:5628: cc -c -g -O2  conftest.c >&5
configure:5628: $? = 0
configure:5701: cc -o conftest -g -O2  -O3 conftest.c -lstdc++  >&5
configure:5701: $? = 0
configure:5701: ./conftest
configure:5701: $? = 0
configure:5712: result: yes
configure:5725: checking for sys/types.h
configure:5725: cc -c -g -O2  conftest.c >&5
configure:5725: $? = 0
configure:5725: result: yes
configure:5725: checking for sys/stat.h
configure:5725: cc -c -g -O2  conftest.c >&5
configure:5725: $? = 0
configure:5725: result: yes
configure:5725: checking for stdlib.h
configure:5725: cc -c -g -O2  conftest.c >&5
configure:5725: $? = 0
configure:5725: result: yes
configure:5725: checking for string.h
configure:5725: cc -c -g -O2  conftest.c >&5
configure:5725: $? = 0
configure:5725: result: yes
configure:5725: checking for memory.h
configure:5725: cc -c -g -O2  conftest.c >&5
configure:5725: $? = 0
configure:5725: result: yes
configure:5725: checking for strings.h
configure:5725: cc -c -g -O2  conftest.c >&5
configure:5725: $? = 0
configure:5725: result: yes
configure:5725: checking for inttypes.h
configure:5725: cc -c -g -O2  conftest.c >&5
configure:5725: $? = 0
configure:5725: result: yes
configure:5725: checking for stdint.h
configure:5725: cc -c -g -O2  conftest.c >&5
configure:5725: $? = 0
configure:5725: result: yes
configure:5725: checking for unistd.h
configure:5725: cc -c -g -O2  conftest.c >&5
configure:5725: $? = 0
configure:5725: result: yes
configure:5739: checking dlfcn.h usability
configure:5739: cc -c -g -O2  conftest.c >&5
configure:5739: $? = 0
configure:5739: result: yes
configure:5739: checking dlfcn.h presence
configure:5739: cc -E  conftest.c
configure:5739: $? = 0
configure:5739: result: yes
configure:5739: checking for dlfcn.h
configure:5739: result: yes
configure:5759: checking how to run the C++ preprocessor
configure:5825: result: g++ -E
configure:5845: g++ -E  conftest.cpp
configure:5845: $? = 0
configure:5859: g++ -E  conftest.cpp
conftest.cpp:21:10: fatal error: ac_nonexistent.h: No such file or directory
 #include <ac_nonexistent.h>
          ^~~~~~~~~~~~~~~~~~
compilation terminated.
configure:5859: $? = 1
configure: failed program was:
| /* confdefs.h */
| #define PACKAGE_NAME ""
| #define PACKAGE_TARNAME ""
| #define PACKAGE_VERSION ""
| #define PACKAGE_STRING ""
| #define PACKAGE_BUGREPORT ""
| #define PACKAGE_URL ""
| #define COMPILE_DL_JAGUARPHP 1
| #define STDC_HEADERS 1
| #define HAVE_SYS_TYPES_H 1
| #define HAVE_SYS_STAT_H 1
| #define HAVE_STDLIB_H 1
| #define HAVE_STRING_H 1
| #define HAVE_MEMORY_H 1
| #define HAVE_STRINGS_H 1
| #define HAVE_INTTYPES_H 1
| #define HAVE_STDINT_H 1
| #define HAVE_UNISTD_H 1
| #define HAVE_DLFCN_H 1
| /* end confdefs.h.  */
| #include <ac_nonexistent.h>
configure:5892: checking the maximum length of command line arguments
configure:6004: result: 19660800
configure:6016: checking command to parse /usr/bin/nm -B output from cc object
configure:6121: g++ -c -O3  conftest.cpp >&5
configure:6124: $? = 0
configure:6128: /usr/bin/nm -B conftest.o \| sed -n -e 's/^.*[ 	]\([ABCDGIRSTW][ABCDGIRSTW]*\)[ 	][ 	]*\([_A-Za-z][_A-Za-z0-9]*\)$/\1 \2 \2/p' \> conftest.nm
configure:6131: $? = 0
configure:6183: g++ -o conftest -O3  -O3 conftest.cpp conftstm.o >&5
configure:6186: $? = 0
configure:6224: result: ok
configure:6228: checking for objdir
configure:6243: result: .libs
configure:6335: checking for ar
configure:6351: found /usr/bin/ar
configure:6362: result: ar
configure:6427: checking for ranlib
configure:6443: found /usr/bin/ranlib
configure:6454: result: ranlib
configure:6519: checking for strip
configure:6535: found /usr/bin/strip
configure:6546: result: strip
configure:7115: checking if cc supports -fno-rtti -fno-exceptions
configure:7133: cc -c -g -O2  -fno-rtti -fno-exceptions conftest.c >&5
cc1: warning: command line option '-fno-rtti' is valid for C++/ObjC++ but not for C
configure:7137: $? = 0
configure:7150: result: no
configure:7165: checking for cc option to produce PIC
configure:7405: result: -fPIC
configure:7413: checking if cc PIC flag -fPIC works
configure:7431: cc -c -g -O2  -fPIC -DPIC conftest.c >&5
configure:7435: $? = 0
configure:7448: result: yes
configure:7476: checking if cc static flag -static works
configure:7504: result: yes
configure:7514: checking if cc supports -c -o file.o
configure:7535: cc -c -g -O2  -o out/conftest2.o conftest.c >&5
configure:7539: $? = 0
configure:7561: result: yes
configure:7587: checking whether the cc linker (/usr/bin/ld -m elf_x86_64) supports shared libraries
configure:8515: result: yes
configure:8536: checking whether -lc should be explicitly linked in
configure:8541: cc -c -g -O2  conftest.c >&5
configure:8544: $? = 0
configure:8559: cc -shared conftest.o  -v -Wl,-soname -Wl,conftest -o conftest 2\>\&1 \| grep  -lc  \>/dev/null 2\>\&1
configure:8562: $? = 0
configure:8574: result: no
configure:8582: checking dynamic linker characteristics
configure:9180: result: GNU/Linux ld.so
configure:9204: checking how to hardcode library paths into programs
configure:9229: result: immediate
configure:9243: checking whether stripping libraries is possible
configure:9248: result: yes
configure:9765: checking if libtool supports shared libraries
configure:9767: result: yes
configure:9770: checking whether to build shared libraries
configure:9791: result: yes
configure:9794: checking whether to build static libraries
configure:9798: result: no
configure:9893: result:
creating libtool
configure:10484: checking for ld used by g++
configure:10551: result: /usr/bin/ld -m elf_x86_64
configure:10558: checking if the linker (/usr/bin/ld -m elf_x86_64) is GNU ld
configure:10573: result: yes
configure:10624: checking whether the g++ linker (/usr/bin/ld -m elf_x86_64) supports shared libraries
configure:11522: result: yes
configure:11543: g++ -c -O3  conftest.cpp >&5
configure:11546: $? = 0
configure:11702: checking for g++ option to produce PIC
configure:11992: result: -fPIC
configure:12000: checking if g++ PIC flag -fPIC works
configure:12018: g++ -c -O3  -fPIC -DPIC conftest.cpp >&5
configure:12022: $? = 0
configure:12035: result: yes
configure:12063: checking if g++ static flag -static works
configure:12091: result: yes
configure:12101: checking if g++ supports -c -o file.o
configure:12122: g++ -c -O3  -o out/conftest2.o conftest.cpp >&5
configure:12126: $? = 0
configure:12148: result: yes
configure:12174: checking whether the g++ linker (/usr/bin/ld -m elf_x86_64) supports shared libraries
configure:12200: result: yes
configure:12267: checking dynamic linker characteristics
configure:12813: result: GNU/Linux ld.so
configure:12837: checking how to hardcode library paths into programs
configure:12862: result: immediate
configure:13591: creating ./config.status

## ---------------------- ##
## Running config.status. ##
## ---------------------- ##

This file was extended by config.status, which was
generated by GNU Autoconf 2.69.  Invocation command line was

  CONFIG_FILES    = 
  CONFIG_HEADERS  = 
  CONFIG_LINKS    = 
  CONFIG_COMMANDS = 
  $ ./config.status 

on ssd

config.status:676: creating config.h

## ---------------- ##
## Cache variables. ##
## ---------------- ##

ac_cv_build=x86_64-pc-linux-gnu
ac_cv_c_compiler_gnu=yes
ac_cv_cxx_compiler_gnu=yes
ac_cv_env_CCC_set=
ac_cv_env_CCC_value=
ac_cv_env_CC_set=
ac_cv_env_CC_value=
ac_cv_env_CFLAGS_set=
ac_cv_env_CFLAGS_value=
ac_cv_env_CPPFLAGS_set=
ac_cv_env_CPPFLAGS_value=
ac_cv_env_CPP_set=
ac_cv_env_CPP_value=
ac_cv_env_CXXCPP_set=
ac_cv_env_CXXCPP_value=
ac_cv_env_CXXFLAGS_set=set
ac_cv_env_CXXFLAGS_value=-O3
ac_cv_env_CXX_set=
ac_cv_env_CXX_value=
ac_cv_env_LDFLAGS_set=set
ac_cv_env_LDFLAGS_value=-O3
ac_cv_env_LIBS_set=
ac_cv_env_LIBS_value=
ac_cv_env_build_alias_set=
ac_cv_env_build_alias_value=
ac_cv_env_host_alias_set=
ac_cv_env_host_alias_value=
ac_cv_env_target_alias_set=
ac_cv_env_target_alias_value=
ac_cv_header_dlfcn_h=yes
ac_cv_header_inttypes_h=yes
ac_cv_header_memory_h=yes
ac_cv_header_stdc=yes
ac_cv_header_stdint_h=yes
ac_cv_header_stdlib_h=yes
ac_cv_header_string_h=yes
ac_cv_header_strings_h=yes
ac_cv_header_sys_stat_h=yes
ac_cv_header_sys_types_h=yes
ac_cv_header_unistd_h=yes
ac_cv_host=x86_64-pc-linux-gnu
ac_cv_objext=o
ac_cv_path_EGREP='/usr/bin/grep -E'
ac_cv_path_GREP=/usr/bin/grep
ac_cv_prog_AWK=gawk
ac_cv_prog_CPP='cc -E'
ac_cv_prog_CXXCPP='g++ -E'
ac_cv_prog_ac_ct_AR=ar
ac_cv_prog_ac_ct_CC=cc
ac_cv_prog_ac_ct_CXX=g++
ac_cv_prog_ac_ct_RANLIB=ranlib
ac_cv_prog_ac_ct_STRIP=strip
ac_cv_prog_cc_c89=
ac_cv_prog_cc_cc_c_o=yes
ac_cv_prog_cc_g=yes
ac_cv_prog_cxx_g=yes
ac_cv_target=x86_64-pc-linux-gnu
lt_cv_deplibs_check_method=pass_all
lt_cv_file_magic_cmd='$MAGIC_CMD'
lt_cv_file_magic_test_file=
lt_cv_ld_reload_flag=-r
lt_cv_objdir=.libs
lt_cv_path_LD=/usr/bin/ld
lt_cv_path_LDCXX='/usr/bin/ld -m elf_x86_64'
lt_cv_path_NM='/usr/bin/nm -B'
lt_cv_path_SED=/usr/bin/sed
lt_cv_prog_compiler_c_o=yes
lt_cv_prog_compiler_c_o_CXX=yes
lt_cv_prog_compiler_pic_works=yes
lt_cv_prog_compiler_pic_works_CXX=yes
lt_cv_prog_compiler_rtti_exceptions=no
lt_cv_prog_compiler_static_works=yes
lt_cv_prog_compiler_static_works_CXX=yes
lt_cv_prog_gnu_ld=yes
lt_cv_prog_gnu_ldcxx=yes
lt_cv_sys_global_symbol_pipe='sed -n -e '\''s/^.*[ 	]\([ABCDGIRSTW][ABCDGIRSTW]*\)[ 	][ 	]*\([_A-Za-z][_A-Za-z0-9]*\)$/\1 \2 \2/p'\'''
lt_cv_sys_global_symbol_to_c_name_address='sed -n -e '\''s/^: \([^ ]*\) $/  {\"\1\", (lt_ptr) 0},/p'\'' -e '\''s/^[BCDEGRST] \([^ ]*\) \([^ ]*\)$/  {"\2", (lt_ptr) \&\2},/p'\'''
lt_cv_sys_global_symbol_to_cdecl='sed -n -e '\''s/^. .* \(.*\)$/extern int \1;/p'\'''
lt_cv_sys_lib_dlsearch_path_spec='/lib /usr/lib /usr/lib64/R/lib /usr/lib64/dyninst /usr/lib64/mysql '
lt_cv_sys_lib_search_path_spec='/usr/local/gcc-7.4.0/lib/gcc/x86_64-pc-linux-gnu/7.4.0 /usr/local/gcc-7.4.0/lib64 /lib64 /usr/lib64'
lt_cv_sys_max_cmd_len=19660800
lt_lt_cv_prog_compiler_c_o='"yes"'
lt_lt_cv_prog_compiler_c_o_CXX='"yes"'
lt_lt_cv_sys_global_symbol_pipe='"sed -n -e '\''s/^.*[ 	]\\([ABCDGIRSTW][ABCDGIRSTW]*\\)[ 	][ 	]*\\([_A-Za-z][_A-Za-z0-9]*\\)\$/\\1 \\2 \\2/p'\''"'
lt_lt_cv_sys_global_symbol_to_c_name_address='"sed -n -e '\''s/^: \\([^ ]*\\) \$/  {\\\"\\1\\\", (lt_ptr) 0},/p'\'' -e '\''s/^[BCDEGRST] \\([^ ]*\\) \\([^ ]*\\)\$/  {\"\\2\", (lt_ptr) \\&\\2},/p'\''"'
lt_lt_cv_sys_global_symbol_to_cdecl='"sed -n -e '\''s/^. .* \\(.*\\)\$/extern int \\1;/p'\''"'
php_cv_cc_dashr=no
php_cv_cc_rpath=yes

## ----------------- ##
## Output variables. ##
## ----------------- ##

AR='ar'
AWK='gawk'
CC='cc'
CFLAGS='-g -O2'
CONFIGURE_COMMAND=' '\''./configure'\''  '\''--enable-jaguarphp'\'''
CONFIGURE_OPTIONS=' '\''--enable-jaguarphp'\'''
CPP='cc -E'
CPPFLAGS=' -DHAVE_CONFIG_H'
CXX='g++'
CXXCPP='g++ -E'
CXXFLAGS='-O3'
DEFS='-DHAVE_CONFIG_H'
DSYMUTIL=''
ECHO='echo'
ECHO_C=''
ECHO_N='-n'
ECHO_T=''
EGREP='/usr/bin/grep -E'
EXEEXT=''
GREP='/usr/bin/grep'
LDFLAGS='-O3'
LIBOBJS=''
LIBS='-lstdc++ '
LIBTOOL='$(SHELL) $(top_builddir)/libtool'
LN_S='ln -s'
LTLIBOBJS=''
NMEDIT=''
OBJEXT='o'
PACKAGE_BUGREPORT=''
PACKAGE_NAME=''
PACKAGE_STRING=''
PACKAGE_TARNAME=''
PACKAGE_URL=''
PACKAGE_VERSION=''
PATH_SEPARATOR=':'
RANLIB='ranlib'
RE2C='exit 0;'
SED='/usr/bin/sed'
SHELL='/bin/sh'
SHLIB_DL_SUFFIX_NAME='so'
SHLIB_SUFFIX_NAME='so'
STRIP='strip'
ac_ct_CC='cc'
ac_ct_CXX='g++'
bindir='${exec_prefix}/bin'
build='x86_64-pc-linux-gnu'
build_alias=''
build_cpu='x86_64'
build_os='linux-gnu'
build_vendor='pc'
datadir='${datarootdir}'
datarootdir='${prefix}/share'
docdir='${datarootdir}/doc/${PACKAGE}'
dvidir='${docdir}'
exec_prefix='$(prefix)'
host='x86_64-pc-linux-gnu'
host_alias='x86_64-pc-linux-gnu'
host_cpu='x86_64'
host_os='linux-gnu'
host_vendor='pc'
htmldir='${docdir}'
includedir='${prefix}/include'
infodir='${datarootdir}/info'
libdir='${exec_prefix}/lib'
libexecdir='${exec_prefix}/libexec'
localedir='${datarootdir}/locale'
localstatedir='${prefix}/var'
mandir='${datarootdir}/man'
oldincludedir='/usr/include'
pdfdir='${docdir}'
prefix='/usr/local'
program_transform_name='s,x,x,'
psdir='${docdir}'
sbindir='${exec_prefix}/sbin'
sharedstatedir='${prefix}/com'
sysconfdir='${prefix}/etc'
target='x86_64-pc-linux-gnu'
target_alias=''
target_cpu='x86_64'
target_os='linux-gnu'
target_vendor='pc'

## ----------- ##
## confdefs.h. ##
## ----------- ##

/* confdefs.h */
#define PACKAGE_NAME ""
#define PACKAGE_TARNAME ""
#define PACKAGE_VERSION ""
#define PACKAGE_STRING ""
#define PACKAGE_BUGREPORT ""
#define PACKAGE_URL ""
#define COMPILE_DL_JAGUARPHP 1
#define STDC_HEADERS 1
#define HAVE_SYS_TYPES_H 1
#define HAVE_SYS_STAT_H 1
#define HAVE_STDLIB_H 1
#define HAVE_STRING_H 1
#define HAVE_MEMORY_H 1
#define HAVE_STRINGS_H 1
#define HAVE_INTTYPES_H 1
#define HAVE_STDINT_H 1
#define HAVE_UNISTD_H 1
#define HAVE_DLFCN_H 1

configure: exit 0
